<?xml version="1.0" encoding="UTF-8"?>
<testsuites name="jest tests" tests="17" failures="0" time="15.135">
  <testsuite name="Breeding Model Test" errors="0" failures="0" skipped="0" timestamp="2020-10-01T10:30:01" time="6.055" tests="2">
    <testcase classname="Breeding Model Test create &amp; save Breeding records successfully when all details are correct" name="Breeding Model Test create &amp; save Breeding records successfully when all details are correct" time="1.243">
    </testcase>
    <testcase classname="Breeding Model Test create Breeding without required fields should failed" name="Breeding Model Test create Breeding without required fields should failed" time="0.371">
    </testcase>
  </testsuite>
  <testsuite name="Farmer Model Test" errors="0" failures="0" skipped="0" timestamp="2020-10-01T10:30:01" time="6.375" tests="3">
    <testcase classname="Farmer Model Test create &amp; save Farmer details successfully when all details are correct" name="Farmer Model Test create &amp; save Farmer details successfully when all details are correct" time="1.247">
    </testcase>
    <testcase classname="Farmer Model Test create farmer with invalid phone number should failed" name="Farmer Model Test create farmer with invalid phone number should failed" time="0.385">
    </testcase>
    <testcase classname="Farmer Model Test create farmer without required fields should failed" name="Farmer Model Test create farmer without required fields should failed" time="0.427">
    </testcase>
  </testsuite>
  <testsuite name="User Model Test" errors="0" failures="0" skipped="0" timestamp="2020-10-01T10:30:01" time="7.015" tests="4">
    <testcase classname="User Model Test create &amp; save System User details successfully when all details are correct" name="User Model Test create &amp; save System User details successfully when all details are correct" time="1.379">
    </testcase>
    <testcase classname="User Model Test create User with invalid phone number should failed" name="User Model Test create User with invalid phone number should failed" time="0.45">
    </testcase>
    <testcase classname="User Model Test create User with invalid Email should failed" name="User Model Test create User with invalid Email should failed" time="0.425">
    </testcase>
    <testcase classname="User Model Test create User without required fields should failed" name="User Model Test create User without required fields should failed" time="0.386">
    </testcase>
  </testsuite>
  <testsuite name="Alerts Model Test" errors="0" failures="0" skipped="0" timestamp="2020-10-01T10:30:07" time="2.549" tests="2">
    <testcase classname="Alerts Model Test create &amp; save Alerts successfully when all details are correct" name="Alerts Model Test create &amp; save Alerts successfully when all details are correct" time="0.846">
    </testcase>
    <testcase classname="Alerts Model Test create Alert without required fields should failed" name="Alerts Model Test create Alert without required fields should failed" time="0.433">
    </testcase>
  </testsuite>
  <testsuite name="Farmer Issues Model Test" errors="0" failures="0" skipped="0" timestamp="2020-10-01T10:30:08" time="2.609" tests="2">
    <testcase classname="Farmer Issues Model Test create &amp; save Issues raised by farmers successfully when all details are correct" name="Farmer Issues Model Test create &amp; save Issues raised by farmers successfully when all details are correct" time="0.804">
    </testcase>
    <testcase classname="Farmer Issues Model Test create Issue without required fields should failed" name="Farmer Issues Model Test create Issue without required fields should failed" time="0.509">
    </testcase>
  </testsuite>
  <testsuite name="FollowUp Model Test" errors="0" failures="0" skipped="0" timestamp="2020-10-01T10:30:08" time="2.583" tests="2">
    <testcase classname="FollowUp Model Test create &amp; save Livestock follow ups records successfully when all details are correct" name="FollowUp Model Test create &amp; save Livestock follow ups records successfully when all details are correct" time="0.838">
    </testcase>
    <testcase classname="FollowUp Model Test create followup without required fields should failed" name="FollowUp Model Test create followup without required fields should failed" time="0.482">
    </testcase>
  </testsuite>
  <testsuite name="Health Model Test" errors="0" failures="0" skipped="0" timestamp="2020-10-01T10:30:10" time="2.423" tests="2">
    <testcase classname="Health Model Test create &amp; save Livestock Health records successfully when all details are correct" name="Health Model Test create &amp; save Livestock Health records successfully when all details are correct" time="0.693">
    </testcase>
    <testcase classname="Health Model Test create Issue without required fields should failed" name="Health Model Test create Issue without required fields should failed" time="0.395">
    </testcase>
  </testsuite>
</testsuites>